0 info it worked if it ends with ok
1 verbose cli [ '/home/tstackpole/.virtualenvs/simple/bin/node',
1 verbose cli   '/home/tstackpole/.virtualenvs/simple/bin/npm',
1 verbose cli   'install' ]
2 info using npm@1.2.25
3 info using node@v0.10.10
4 verbose read json /home/tstackpole/webapps/simple/backend/package.json
5 error install Couldn't read dependencies
6 error Error: ENOENT, open '/home/tstackpole/webapps/simple/backend/package.json'
7 error If you need help, you may report this log at:
7 error     <http://github.com/isaacs/npm/issues>
7 error or email it to:
7 error     <npm-@googlegroups.com>
8 error System Linux 3.5.0-32-generic
9 error command "/home/tstackpole/.virtualenvs/simple/bin/node" "/home/tstackpole/.virtualenvs/simple/bin/npm" "install"
10 error cwd /home/tstackpole/webapps/simple/backend
11 error node -v v0.10.10
12 error npm -v 1.2.25
13 error path /home/tstackpole/webapps/simple/backend/package.json
14 error code ENOENT
15 error errno 34
16 verbose exit [ 34, true ]
